<?xml version="1.0" encoding="UTF-8"?>
<!-- Generated by org.testng.reporters.JUnitReportReporter -->
<testsuite hostname="BOOK-P0O1IG8UK3" failures="0" tests="5" name="testNg2.TestListener" time="3.504" errors="0" timestamp="2022-11-26T00:09:18 EST" skipped="0">
  <testcase classname="testNg2.TestListener" name="test3" time="0.001"/>
  <system-out/>
  <testcase classname="testNg2.TestListener" name="test1" time="0.002"/>
  <system-out/>
  <testcase classname="testNg2.TestListener" name="setup" time="3.499"/>
  <system-out/>
  <testcase classname="testNg2.TestListener" name="test4" time="0.001"/>
  <system-out/>
  <testcase classname="testNg2.TestListener" name="test2" time="0.001"/>
  <system-out/>
</testsuite> <!-- testNg2.TestListener -->
