<?xml version="1.0" encoding="UTF-8"?>
<!-- Generated by org.testng.reporters.JUnitReportReporter -->
<testsuite hostname="BOOK-P0O1IG8UK3" failures="0" tests="3" name="testNGlistener.Listener4" time="7.182" errors="0" timestamp="2022-11-28T02:19:07 EST" skipped="0">
  <testcase classname="testNGlistener.Listener4" name="login" time="0.010"/>
  <system-out/>
  <testcase classname="testNGlistener.Listener4" name="logout" time="0.001"/>
  <system-out/>
  <testcase classname="testNGlistener.Listener4" name="setup" time="7.171"/>
  <system-out/>
</testsuite> <!-- testNGlistener.Listener4 -->
