<?xml version="1.0" encoding="UTF-8"?>
<!-- Generated by org.testng.reporters.JUnitReportReporter -->
<testsuite hostname="BOOK-P0O1IG8UK3" failures="0" tests="4" name="testNG.TestNgListenersdemo2" time="2.385" errors="0" timestamp="2023-01-05T00:34:35 EST" skipped="0">
  <testcase classname="testNG.TestNgListenersdemo2" name="test5" time="2.382"/>
  <system-out/>
  <testcase classname="testNG.TestNgListenersdemo2" name="test6" time="0.001"/>
  <system-out/>
  <testcase classname="testNG.TestNgListenersdemo2" name="test7" time="0.001"/>
  <system-out/>
  <testcase classname="testNG.TestNgListenersdemo2" name="test8" time="0.001"/>
  <system-out/>
</testsuite> <!-- testNG.TestNgListenersdemo2 -->
