<?xml version="1.0" encoding="UTF-8"?>
<!-- Generated by org.testng.reporters.JUnitReportReporter -->
<testsuite hostname="BOOK-P0O1IG8UK3" failures="0" tests="4" name="testNg2.Listeners2" time="3.972" errors="0" timestamp="2022-12-29T15:41:00 EST" skipped="0">
  <testcase classname="testNg2.Listeners2" name="test6" time="0.001"/>
  <system-out/>
  <testcase classname="testNg2.Listeners2" name="test7" time="0.000"/>
  <system-out/>
  <testcase classname="testNg2.Listeners2" name="test8" time="0.001"/>
  <system-out/>
  <testcase classname="testNg2.Listeners2" name="test5" time="3.970"/>
  <system-out/>
</testsuite> <!-- testNg2.Listeners2 -->
