<?xml version="1.0" encoding="UTF-8"?>
<!-- Generated by org.testng.reporters.JUnitReportReporter -->
<testsuite hostname="BOOK-P0O1IG8UK3" failures="0" tests="2" name="testNGlistener.Listener" time="0.010" errors="0" timestamp="2022-11-27T18:51:13 EST" skipped="0">
  <testcase classname="testNGlistener.Listener" name="testtofail" time="0.002"/>
  <system-out/>
  <testcase classname="testNGlistener.Listener" name="sum" time="0.008"/>
  <system-out/>
</testsuite> <!-- testNGlistener.Listener -->
