<?xml version="1.0" encoding="UTF-8"?>
<!-- Generated by org.testng.reporters.JUnitReportReporter -->
<testsuite hostname="BOOK-P0O1IG8UK3" failures="0" tests="2" name="testNG.TestCases" time="0.004" errors="0" timestamp="2022-11-23T03:03:36 EST" skipped="0">
  <testcase classname="testNG.TestCases" name="testtopass" time="0.001"/>
  <system-out/>
  <testcase classname="testNG.TestCases" name="testtofail" time="0.003"/>
  <system-out/>
</testsuite> <!-- testNG.TestCases -->
