<?xml version="1.0" encoding="UTF-8"?>
<!-- Generated by org.testng.reporters.JUnitReportReporter -->
<testsuite hostname="BOOK-P0O1IG8UK3" failures="0" tests="3" name="testNG.FirstTest" time="0.024" errors="0" timestamp="2023-01-03T07:47:34 EST" skipped="1">
  <testcase classname="testNG.FirstTest" name="setup" time="0.018"/>
  <system-out/>
  <testcase classname="testNG.FirstTest" name="tearDown" time="0.006"/>
  <system-out/>
  <testcase classname="testNG.FirstTest" name="login">
    <skipped/>
  </testcase> <!-- login -->
  <system-out/>
</testsuite> <!-- testNG.FirstTest -->
