<?xml version="1.0" encoding="UTF-8"?>
<!-- Generated by org.testng.reporters.JUnitReportReporter -->
<testsuite hostname="BOOK-P0O1IG8UK3" failures="0" tests="5" name="testNg2.Listeners1" time="2.591" errors="0" timestamp="2022-11-23T03:07:01 EST" skipped="0">
  <testcase classname="testNg2.Listeners1" name="test3" time="0.001"/>
  <system-out/>
  <testcase classname="testNg2.Listeners1" name="test4" time="0.001"/>
  <system-out/>
  <testcase classname="testNg2.Listeners1" name="setup" time="2.586"/>
  <system-out/>
  <testcase classname="testNg2.Listeners1" name="test1" time="0.002"/>
  <system-out/>
  <testcase classname="testNg2.Listeners1" name="test2" time="0.001"/>
  <system-out/>
</testsuite> <!-- testNg2.Listeners1 -->
