<?xml version="1.0" encoding="UTF-8"?>
<!-- Generated by org.testng.reporters.JUnitReportReporter -->
<testsuite hostname="BOOK-P0O1IG8UK3" failures="0" tests="4" name="testNG.TestNgListenersdemo" time="3.539" errors="0" timestamp="2023-01-05T00:34:35 EST" skipped="0">
  <testcase classname="testNG.TestNgListenersdemo" name="test1" time="0.014"/>
  <system-out/>
  <testcase classname="testNG.TestNgListenersdemo" name="test4" time="0.002"/>
  <system-out/>
  <testcase classname="testNG.TestNgListenersdemo" name="test2" time="3.521"/>
  <system-out/>
  <testcase classname="testNG.TestNgListenersdemo" name="test3" time="0.002"/>
  <system-out/>
</testsuite> <!-- testNG.TestNgListenersdemo -->
