<?xml version="1.0" encoding="UTF-8"?>
<!-- Generated by org.testng.reporters.JUnitReportReporter -->
<testsuite hostname="BOOK-P0O1IG8UK3" failures="0" tests="1" name="testNG.Module2" time="0.003" errors="0" timestamp="2022-11-23T03:03:36 EST" skipped="0">
  <testcase classname="testNG.Module2" name="test3" time="0.003"/>
  <system-out/>
</testsuite> <!-- testNG.Module2 -->
