<?xml version="1.0" encoding="UTF-8"?>
<!-- Generated by org.testng.reporters.JUnitReportReporter -->
<testsuite hostname="BOOK-P0O1IG8UK3" failures="0" tests="2" name="testNG.Module1" time="0.009" errors="0" timestamp="2022-11-23T03:03:36 EST" skipped="0">
  <testcase classname="testNG.Module1" name="test1" time="0.002"/>
  <system-out/>
  <testcase classname="testNG.Module1" name="test2" time="0.007"/>
  <system-out/>
</testsuite> <!-- testNG.Module1 -->
