<?xml version="1.0" encoding="UTF-8"?>
<!-- Generated by org.testng.reporters.JUnitReportReporter -->
<testsuite hostname="BOOK-P0O1IG8UK3" failures="0" tests="5" name="testNGlistener.Listener1$TestListener" time="2.636" errors="0" timestamp="2022-11-27T20:26:37 EST" skipped="0">
  <testcase classname="testNGlistener.Listener1$TestListener" name="test2" time="0.006"/>
  <system-out/>
  <testcase classname="testNGlistener.Listener1$TestListener" name="setup" time="2.626"/>
  <system-out/>
  <testcase classname="testNGlistener.Listener1$TestListener" name="test1" time="0.001"/>
  <system-out/>
  <testcase classname="testNGlistener.Listener1$TestListener" name="test3" time="0.003"/>
  <system-out/>
  <testcase classname="testNGlistener.Listener1$TestListener" name="test4" time="0.000"/>
  <system-out/>
</testsuite> <!-- testNGlistener.Listener1$TestListener -->
